<?xml version="1.0" encoding="UTF-8"?>
<!-- Generated by org.testng.reporters.JUnitXMLReporter -->
<testsuite ignored="0" hostname="DESKTOP-J20IS8F" failures="2" tests="2" name="Test1" time="21.942" errors="0" timestamp="2024-08-08T12:54:10 IST">
  <testcase classname="coverFoxTest.CoverFoxTC1" name="validateBanners" time="4.032">
    <failure type="java.lang.AssertionError" message="null">
      <![CDATA[java.lang.AssertionError: null
at coverFoxTest.CoverFoxTC1.validateBanners(CoverFoxTC1.java:74)
at java.base/java.util.ArrayList.forEach(ArrayList.java:1597)
... Removed 27 stack frames]]>
    </failure>
  </testcase> <!-- validateBanners -->
  <testcase classname="coverFoxTest.CoverFoxTC1" name="validatePresenceOfFilterDropdown" time="4.003">
    <failure type="java.lang.AssertionError" message="null">
      <![CDATA[java.lang.AssertionError: null
at coverFoxTest.CoverFoxTC1.validatePresenceOfFilterDropdown(CoverFoxTC1.java:86)
at java.base/java.util.ArrayList.forEach(ArrayList.java:1597)
... Removed 27 stack frames]]>
    </failure>
  </testcase> <!-- validatePresenceOfFilterDropdown -->
</testsuite> <!-- Test1 -->
